Added Component: Designator=B1(D2PAK-STB35NF10T4)
Add component (AddParameter): Name = "Additional Material"; Value = "None"; VariantName = "[No Variations]"
Add component (AddParameter): Name = "Additional Material Link"; Value = "None"; VariantName = "[No Variations]"
Add component (AddParameter): Name = "ComponentLink1Description"; Value = "Product URL"; VariantName = "[No Variations]"
Add component (AddParameter): Name = "ComponentLink1URL"; Value = "https://www.mouser.com/ProductDetail/STMicroelectronics/L7805ACD2T-TR?qs=Ctxo64yJVFuOLXlPPZdJUQ%3D%3D"; VariantName = "[No Variations]"
Add component (AddParameter): Name = "ComponentLink2Description"; Value = "Additional Material Link"; VariantName = "[No Variations]"
Add component (AddParameter): Name = "ComponentLink2URL"; Value = "None"; VariantName = "[No Variations]"
Add component (AddParameter): Name = "Datasheet Link"; Value = "http://www.st.com/web/en/resource/technical/document/datasheet/CD00000444.pdf"; VariantName = "[No Variations]"
Add component (AddParameter): Name = "Manufacture Number"; Value = "L7805ACD2T-TR"; VariantName = "[No Variations]"
Add component (AddParameter): Name = "Manufacturer"; Value = "STMicroelectronics"; VariantName = "[No Variations]"
Add component (AddParameter): Name = "Mouser Part Number"; Value = "511-L7805ACD2T-TR"; VariantName = "[No Variations]"
Add component (AddParameter): Name = "Mouser Price/Stock"; Value = "https://www.mouser.co.uk/ProductDetail/STMicroelectronics/L7805ACD2T-TR?qs=Ctxo64yJVFuOLXlPPZdJUQ%3D%3D"; VariantName = "[No Variations]"
Add component (AddParameter): Name = "Product URL"; Value = "https://www.mouser.com/ProductDetail/STMicroelectronics/L7805ACD2T-TR?qs=Ctxo64yJVFuOLXlPPZdJUQ%3D%3D"; VariantName = "[No Variations]"
Added Component: Designator=B2(TE_440054-2)
Add component (AddParameter): Name = "Additional Material"; Value = "2xfemale dupont wire"; VariantName = "[No Variations]"
Add component (AddParameter): Name = "Additional Material Link"; Value = "https://www.pololu.com/category/298/ribbon-cable-premium-jumper-wires"; VariantName = "[No Variations]"
Add component (AddParameter): Name = "Availability"; Value = "In Stock"; VariantName = "[No Variations]"
Add component (AddParameter): Name = "Check_prices"; Value = "https://www.snapeda.com/parts/440054-2/TE+Connectivity+AMP+Connectors/view-part/?ref=eda"; VariantName = "[No Variations]"
Add component (AddParameter): Name = "ComponentLink1Description"; Value = "Product URL"; VariantName = "[No Variations]"
Add component (AddParameter): Name = "ComponentLink1URL"; Value = "https://www.te.com/usa-en/product-440054-2.html"; VariantName = "[No Variations]"
Add component (AddParameter): Name = "ComponentLink2Description"; Value = "Additional Material Link"; VariantName = "[No Variations]"
Add component (AddParameter): Name = "ComponentLink2URL"; Value = "https://www.pololu.com/category/298/ribbon-cable-premium-jumper-wires"; VariantName = "[No Variations]"
Add component (AddParameter): Name = "EU_RoHS_Compliance"; Value = "Compliant"; VariantName = "[No Variations]"
Add component (AddParameter): Name = "Manufacture Number"; Value = "440054-2"; VariantName = "[No Variations]"
Add component (AddParameter): Name = "Manufacturer"; Value = "TE Connectivity"; VariantName = "[No Variations]"
Add component (AddParameter): Name = "MP"; Value = "440054-2"; VariantName = "[No Variations]"
Add component (AddParameter): Name = "Package"; Value = "None"; VariantName = "[No Variations]"
Add component (AddParameter): Name = "Price"; Value = "None"; VariantName = "[No Variations]"
Add component (AddParameter): Name = "Product URL"; Value = "https://www.te.com/usa-en/product-440054-2.html"; VariantName = "[No Variations]"
Add component (AddParameter): Name = "Purchase-URL"; Value = "https://pricing.snapeda.com/search/part/440054-2/?ref=eda"; VariantName = "[No Variations]"
Add component (AddParameter): Name = "SnapEDA_Link"; Value = "https://www.snapeda.com/parts/440054-2/TE+Connectivity+AMP+Connectors/view-part/?ref=snap"; VariantName = "[No Variations]"
Added Component: Designator=C1(CAPC1608X90N)
Add component (AddParameter): Name = "Additional Material"; Value = "None"; VariantName = "[No Variations]"
Add component (AddParameter): Name = "Additional Material Link"; Value = "None"; VariantName = "[No Variations]"
Add component (AddParameter): Name = "ComponentLink1Description"; Value = "Product URL"; VariantName = "[No Variations]"
Add component (AddParameter): Name = "ComponentLink1URL"; Value = "https://www.digikey.com/en/products/detail/GRM188R60J105KA01D/490-1550-1-ND/587755?curr=usd&utm_campaign=buynow&utm_medium=aggregator&utm_source=octopart"; VariantName = "[No Variations]"
Add component (AddParameter): Name = "ComponentLink2Description"; Value = "Additional Material Link"; VariantName = "[No Variations]"
Add component (AddParameter): Name = "ComponentLink2URL"; Value = "None"; VariantName = "[No Variations]"
Add component (AddParameter): Name = "Digi-Key_Part_Number"; Value = "490-1550-1-ND"; VariantName = "[No Variations]"
Add component (AddParameter): Name = "DigiKey-Purchase-URL"; Value = "https://snapeda.com/shop?store=DigiKey&id=341022"; VariantName = "[No Variations]"
Add component (AddParameter): Name = "Manufacture Number"; Value = "GRM188R60J105KA01D"; VariantName = "[No Variations]"
Add component (AddParameter): Name = "Manufacturer"; Value = "Murata Electronics"; VariantName = "[No Variations]"
Add component (AddParameter): Name = "Package"; Value = "1608 Murata"; VariantName = "[No Variations]"
Add component (AddParameter): Name = "Product URL"; Value = "https://www.digikey.com/en/products/detail/GRM188R60J105KA01D/490-1550-1-ND/587755?curr=usd&utm_campaign=buynow&utm_medium=aggregator&utm_source=octopart"; VariantName = "[No Variations]"
Add component (AddParameter): Name = "SnapEDA_Link"; Value = "https://www.snapeda.com/parts/GRM188R60J105KA01D/Murata%20Electronics%20North%20America/view-part/341022/?ref=snap"; VariantName = "[No Variations]"
Add component (AddParameter): Name = "Value"; Value = ""; VariantName = "[No Variations]"
Added Component: Designator=C2(CAPC1608X90N)
Add component (AddParameter): Name = "Additional Material"; Value = "None"; VariantName = "[No Variations]"
Add component (AddParameter): Name = "Additional Material Link"; Value = "None"; VariantName = "[No Variations]"
Add component (AddParameter): Name = "ComponentLink1Description"; Value = "Product URL"; VariantName = "[No Variations]"
Add component (AddParameter): Name = "ComponentLink1URL"; Value = "https://www.digikey.com/en/products/detail/GRM188R60J105KA01D/490-1550-1-ND/587755?curr=usd&utm_campaign=buynow&utm_medium=aggregator&utm_source=octopart"; VariantName = "[No Variations]"
Add component (AddParameter): Name = "ComponentLink2Description"; Value = "Additional Material Link"; VariantName = "[No Variations]"
Add component (AddParameter): Name = "ComponentLink2URL"; Value = "None"; VariantName = "[No Variations]"
Add component (AddParameter): Name = "Digi-Key_Part_Number"; Value = "490-1550-1-ND"; VariantName = "[No Variations]"
Add component (AddParameter): Name = "DigiKey-Purchase-URL"; Value = "https://snapeda.com/shop?store=DigiKey&id=341022"; VariantName = "[No Variations]"
Add component (AddParameter): Name = "Manufacture Number"; Value = "GRM188R60J105KA01D"; VariantName = "[No Variations]"
Add component (AddParameter): Name = "Manufacturer"; Value = "Murata Electronics"; VariantName = "[No Variations]"
Add component (AddParameter): Name = "Package"; Value = "1608 Murata"; VariantName = "[No Variations]"
Add component (AddParameter): Name = "Product URL"; Value = "https://www.digikey.com/en/products/detail/GRM188R60J105KA01D/490-1550-1-ND/587755?curr=usd&utm_campaign=buynow&utm_medium=aggregator&utm_source=octopart"; VariantName = "[No Variations]"
Add component (AddParameter): Name = "SnapEDA_Link"; Value = "https://www.snapeda.com/parts/GRM188R60J105KA01D/Murata%20Electronics%20North%20America/view-part/341022/?ref=snap"; VariantName = "[No Variations]"
Add component (AddParameter): Name = "Value"; Value = ""; VariantName = "[No Variations]"
Added Component: Designator=C3(CAPC1608X90N)
Add component (AddParameter): Name = "Additional Material"; Value = "None"; VariantName = "[No Variations]"
Add component (AddParameter): Name = "Additional Material Link"; Value = "None"; VariantName = "[No Variations]"
Add component (AddParameter): Name = "ComponentLink1Description"; Value = "Product URL"; VariantName = "[No Variations]"
Add component (AddParameter): Name = "ComponentLink1URL"; Value = "https://www.digikey.com/en/products/detail/GRM188R60J105KA01D/490-1550-1-ND/587755?curr=usd&utm_campaign=buynow&utm_medium=aggregator&utm_source=octopart"; VariantName = "[No Variations]"
Add component (AddParameter): Name = "ComponentLink2Description"; Value = "Additional Material Link"; VariantName = "[No Variations]"
Add component (AddParameter): Name = "ComponentLink2URL"; Value = "None"; VariantName = "[No Variations]"
Add component (AddParameter): Name = "Digi-Key_Part_Number"; Value = "490-1550-1-ND"; VariantName = "[No Variations]"
Add component (AddParameter): Name = "DigiKey-Purchase-URL"; Value = "https://snapeda.com/shop?store=DigiKey&id=341022"; VariantName = "[No Variations]"
Add component (AddParameter): Name = "Manufacture Number"; Value = "GRM188R60J105KA01D"; VariantName = "[No Variations]"
Add component (AddParameter): Name = "Manufacturer"; Value = "Murata Electronics"; VariantName = "[No Variations]"
Add component (AddParameter): Name = "Package"; Value = "1608 Murata"; VariantName = "[No Variations]"
Add component (AddParameter): Name = "Product URL"; Value = "https://www.digikey.com/en/products/detail/GRM188R60J105KA01D/490-1550-1-ND/587755?curr=usd&utm_campaign=buynow&utm_medium=aggregator&utm_source=octopart"; VariantName = "[No Variations]"
Add component (AddParameter): Name = "SnapEDA_Link"; Value = "https://www.snapeda.com/parts/GRM188R60J105KA01D/Murata%20Electronics%20North%20America/view-part/341022/?ref=snap"; VariantName = "[No Variations]"
Add component (AddParameter): Name = "Value"; Value = ""; VariantName = "[No Variations]"
Added Component: Designator=C4(CAPC1608X90N)
Add component (AddParameter): Name = "Additional Material"; Value = "None"; VariantName = "[No Variations]"
Add component (AddParameter): Name = "Additional Material Link"; Value = "None"; VariantName = "[No Variations]"
Add component (AddParameter): Name = "ComponentLink1Description"; Value = "Product URL"; VariantName = "[No Variations]"
Add component (AddParameter): Name = "ComponentLink1URL"; Value = "https://www.digikey.com/en/products/detail/GRM188R60J105KA01D/490-1550-1-ND/587755?curr=usd&utm_campaign=buynow&utm_medium=aggregator&utm_source=octopart"; VariantName = "[No Variations]"
Add component (AddParameter): Name = "ComponentLink2Description"; Value = "Additional Material Link"; VariantName = "[No Variations]"
Add component (AddParameter): Name = "ComponentLink2URL"; Value = "None"; VariantName = "[No Variations]"
Add component (AddParameter): Name = "Digi-Key_Part_Number"; Value = "490-1550-1-ND"; VariantName = "[No Variations]"
Add component (AddParameter): Name = "DigiKey-Purchase-URL"; Value = "https://snapeda.com/shop?store=DigiKey&id=341022"; VariantName = "[No Variations]"
Add component (AddParameter): Name = "Manufacture Number"; Value = "GRM188R60J105KA01D"; VariantName = "[No Variations]"
Add component (AddParameter): Name = "Manufacturer"; Value = "Murata Electronics"; VariantName = "[No Variations]"
Add component (AddParameter): Name = "Package"; Value = "1608 Murata"; VariantName = "[No Variations]"
Add component (AddParameter): Name = "Product URL"; Value = "https://www.digikey.com/en/products/detail/GRM188R60J105KA01D/490-1550-1-ND/587755?curr=usd&utm_campaign=buynow&utm_medium=aggregator&utm_source=octopart"; VariantName = "[No Variations]"
Add component (AddParameter): Name = "SnapEDA_Link"; Value = "https://www.snapeda.com/parts/GRM188R60J105KA01D/Murata%20Electronics%20North%20America/view-part/341022/?ref=snap"; VariantName = "[No Variations]"
Add component (AddParameter): Name = "Value"; Value = ""; VariantName = "[No Variations]"
Added Component: Designator=C5(CAPC1608X90N)
Add component (AddParameter): Name = "Additional Material"; Value = "None"; VariantName = "[No Variations]"
Add component (AddParameter): Name = "Additional Material Link"; Value = "None"; VariantName = "[No Variations]"
Add component (AddParameter): Name = "ComponentLink1Description"; Value = "Product URL"; VariantName = "[No Variations]"
Add component (AddParameter): Name = "ComponentLink1URL"; Value = "https://www.digikey.com/en/products/detail/GRM188R60J105KA01D/490-1550-1-ND/587755?curr=usd&utm_campaign=buynow&utm_medium=aggregator&utm_source=octopart"; VariantName = "[No Variations]"
Add component (AddParameter): Name = "ComponentLink2Description"; Value = "Additional Material Link"; VariantName = "[No Variations]"
Add component (AddParameter): Name = "ComponentLink2URL"; Value = "None"; VariantName = "[No Variations]"
Add component (AddParameter): Name = "Digi-Key_Part_Number"; Value = "490-1550-1-ND"; VariantName = "[No Variations]"
Add component (AddParameter): Name = "DigiKey-Purchase-URL"; Value = "https://snapeda.com/shop?store=DigiKey&id=341022"; VariantName = "[No Variations]"
Add component (AddParameter): Name = "Manufacture Number"; Value = "GRM188R60J105KA01D"; VariantName = "[No Variations]"
Add component (AddParameter): Name = "Manufacturer"; Value = "Murata Electronics"; VariantName = "[No Variations]"
Add component (AddParameter): Name = "Package"; Value = "1608 Murata"; VariantName = "[No Variations]"
Add component (AddParameter): Name = "Product URL"; Value = "https://www.digikey.com/en/products/detail/GRM188R60J105KA01D/490-1550-1-ND/587755?curr=usd&utm_campaign=buynow&utm_medium=aggregator&utm_source=octopart"; VariantName = "[No Variations]"
Add component (AddParameter): Name = "SnapEDA_Link"; Value = "https://www.snapeda.com/parts/GRM188R60J105KA01D/Murata%20Electronics%20North%20America/view-part/341022/?ref=snap"; VariantName = "[No Variations]"
Add component (AddParameter): Name = "Value"; Value = ""; VariantName = "[No Variations]"
Added Component: Designator=C6(CAPC1608X90N)
Add component (AddParameter): Name = "Additional Material"; Value = "None"; VariantName = "[No Variations]"
Add component (AddParameter): Name = "Additional Material Link"; Value = "None"; VariantName = "[No Variations]"
Add component (AddParameter): Name = "ComponentLink1Description"; Value = "Product URL"; VariantName = "[No Variations]"
Add component (AddParameter): Name = "ComponentLink1URL"; Value = "https://www.digikey.com/en/products/detail/GRM188R60J105KA01D/490-1550-1-ND/587755?curr=usd&utm_campaign=buynow&utm_medium=aggregator&utm_source=octopart"; VariantName = "[No Variations]"
Add component (AddParameter): Name = "ComponentLink2Description"; Value = "Additional Material Link"; VariantName = "[No Variations]"
Add component (AddParameter): Name = "ComponentLink2URL"; Value = "None"; VariantName = "[No Variations]"
Add component (AddParameter): Name = "Digi-Key_Part_Number"; Value = "490-1550-1-ND"; VariantName = "[No Variations]"
Add component (AddParameter): Name = "DigiKey-Purchase-URL"; Value = "https://snapeda.com/shop?store=DigiKey&id=341022"; VariantName = "[No Variations]"
Add component (AddParameter): Name = "Manufacture Number"; Value = "GRM188R60J105KA01D"; VariantName = "[No Variations]"
Add component (AddParameter): Name = "Manufacturer"; Value = "Murata Electronics"; VariantName = "[No Variations]"
Add component (AddParameter): Name = "Package"; Value = "1608 Murata"; VariantName = "[No Variations]"
Add component (AddParameter): Name = "Product URL"; Value = "https://www.digikey.com/en/products/detail/GRM188R60J105KA01D/490-1550-1-ND/587755?curr=usd&utm_campaign=buynow&utm_medium=aggregator&utm_source=octopart"; VariantName = "[No Variations]"
Add component (AddParameter): Name = "SnapEDA_Link"; Value = "https://www.snapeda.com/parts/GRM188R60J105KA01D/Murata%20Electronics%20North%20America/view-part/341022/?ref=snap"; VariantName = "[No Variations]"
Add component (AddParameter): Name = "Value"; Value = ""; VariantName = "[No Variations]"
Added Component: Designator=C7(CAPC1608X90N)
Add component (AddParameter): Name = "Additional Material"; Value = "None"; VariantName = "[No Variations]"
Add component (AddParameter): Name = "Additional Material Link"; Value = "None"; VariantName = "[No Variations]"
Add component (AddParameter): Name = "ComponentLink1Description"; Value = "Product URL"; VariantName = "[No Variations]"
Add component (AddParameter): Name = "ComponentLink1URL"; Value = "https://www.digikey.com/en/products/detail/GRM188R60J105KA01D/490-1550-1-ND/587755?curr=usd&utm_campaign=buynow&utm_medium=aggregator&utm_source=octopart"; VariantName = "[No Variations]"
Add component (AddParameter): Name = "ComponentLink2Description"; Value = "Additional Material Link"; VariantName = "[No Variations]"
Add component (AddParameter): Name = "ComponentLink2URL"; Value = "None"; VariantName = "[No Variations]"
Add component (AddParameter): Name = "Digi-Key_Part_Number"; Value = "490-1550-1-ND"; VariantName = "[No Variations]"
Add component (AddParameter): Name = "DigiKey-Purchase-URL"; Value = "https://snapeda.com/shop?store=DigiKey&id=341022"; VariantName = "[No Variations]"
Add component (AddParameter): Name = "Manufacture Number"; Value = "GRM188R60J105KA01D"; VariantName = "[No Variations]"
Add component (AddParameter): Name = "Manufacturer"; Value = "Murata Electronics"; VariantName = "[No Variations]"
Add component (AddParameter): Name = "Package"; Value = "1608 Murata"; VariantName = "[No Variations]"
Add component (AddParameter): Name = "Product URL"; Value = "https://www.digikey.com/en/products/detail/GRM188R60J105KA01D/490-1550-1-ND/587755?curr=usd&utm_campaign=buynow&utm_medium=aggregator&utm_source=octopart"; VariantName = "[No Variations]"
Add component (AddParameter): Name = "SnapEDA_Link"; Value = "https://www.snapeda.com/parts/GRM188R60J105KA01D/Murata%20Electronics%20North%20America/view-part/341022/?ref=snap"; VariantName = "[No Variations]"
Add component (AddParameter): Name = "Value"; Value = ""; VariantName = "[No Variations]"
Added Component: Designator=C8(CAPC1608X90N)
Add component (AddParameter): Name = "Additional Material"; Value = "None"; VariantName = "[No Variations]"
Add component (AddParameter): Name = "Additional Material Link"; Value = "None"; VariantName = "[No Variations]"
Add component (AddParameter): Name = "ComponentLink1Description"; Value = "Product URL"; VariantName = "[No Variations]"
Add component (AddParameter): Name = "ComponentLink1URL"; Value = "https://www.digikey.com/en/products/detail/GRM188R60J105KA01D/490-1550-1-ND/587755?curr=usd&utm_campaign=buynow&utm_medium=aggregator&utm_source=octopart"; VariantName = "[No Variations]"
Add component (AddParameter): Name = "ComponentLink2Description"; Value = "Additional Material Link"; VariantName = "[No Variations]"
Add component (AddParameter): Name = "ComponentLink2URL"; Value = "None"; VariantName = "[No Variations]"
Add component (AddParameter): Name = "Digi-Key_Part_Number"; Value = "490-1550-1-ND"; VariantName = "[No Variations]"
Add component (AddParameter): Name = "DigiKey-Purchase-URL"; Value = "https://snapeda.com/shop?store=DigiKey&id=341022"; VariantName = "[No Variations]"
Add component (AddParameter): Name = "Manufacture Number"; Value = "GRM188R60J105KA01D"; VariantName = "[No Variations]"
Add component (AddParameter): Name = "Manufacturer"; Value = "Murata Electronics"; VariantName = "[No Variations]"
Add component (AddParameter): Name = "Package"; Value = "1608 Murata"; VariantName = "[No Variations]"
Add component (AddParameter): Name = "Product URL"; Value = "https://www.digikey.com/en/products/detail/GRM188R60J105KA01D/490-1550-1-ND/587755?curr=usd&utm_campaign=buynow&utm_medium=aggregator&utm_source=octopart"; VariantName = "[No Variations]"
Add component (AddParameter): Name = "SnapEDA_Link"; Value = "https://www.snapeda.com/parts/GRM188R60J105KA01D/Murata%20Electronics%20North%20America/view-part/341022/?ref=snap"; VariantName = "[No Variations]"
Add component (AddParameter): Name = "Value"; Value = ""; VariantName = "[No Variations]"
Added Component: Designator=M1(Ball_Caster)
Add component (AddParameter): Name = "Additional Material"; Value = "2*M2 screws and nuts for each ball caster"; VariantName = "[No Variations]"
Add component (AddParameter): Name = "Additional Material Link"; Value = "None"; VariantName = "[No Variations]"
Add component (AddParameter): Name = "ComponentLink1Description"; Value = "Product URL"; VariantName = "[No Variations]"
Add component (AddParameter): Name = "ComponentLink1URL"; Value = "https://www.pololu.com/product/953/resources"; VariantName = "[No Variations]"
Add component (AddParameter): Name = "ComponentLink2Description"; Value = "Additional Material Link"; VariantName = "[No Variations]"
Add component (AddParameter): Name = "ComponentLink2URL"; Value = "None"; VariantName = "[No Variations]"
Add component (AddParameter): Name = "Manufacture Number"; Value = "953"; VariantName = "[No Variations]"
Add component (AddParameter): Name = "Manufacturer"; Value = "Pololu"; VariantName = "[No Variations]"
Add component (AddParameter): Name = "Product URL"; Value = "https://www.pololu.com/product/953/resources"; VariantName = "[No Variations]"
Added Component: Designator=M2(Ball_Caster)
Add component (AddParameter): Name = "Additional Material"; Value = "2*M2 screws and nuts for each ball caster"; VariantName = "[No Variations]"
Add component (AddParameter): Name = "Additional Material Link"; Value = "None"; VariantName = "[No Variations]"
Add component (AddParameter): Name = "ComponentLink1Description"; Value = "Product URL"; VariantName = "[No Variations]"
Add component (AddParameter): Name = "ComponentLink1URL"; Value = "https://www.pololu.com/product/953/resources"; VariantName = "[No Variations]"
Add component (AddParameter): Name = "ComponentLink2Description"; Value = "Additional Material Link"; VariantName = "[No Variations]"
Add component (AddParameter): Name = "ComponentLink2URL"; Value = "None"; VariantName = "[No Variations]"
Add component (AddParameter): Name = "Manufacture Number"; Value = "953"; VariantName = "[No Variations]"
Add component (AddParameter): Name = "Manufacturer"; Value = "Pololu"; VariantName = "[No Variations]"
Add component (AddParameter): Name = "Product URL"; Value = "https://www.pololu.com/product/953/resources"; VariantName = "[No Variations]"
Added Component: Designator=M3(MOTOR)
Add component (AddParameter): Name = "Additional Material"; Value = "Pololu Micro Metal Gearmotor Bracket Pair - Black"; VariantName = "[No Variations]"
Add component (AddParameter): Name = "Additional Material Link"; Value = "https://www.pololu.com/product/989/resources"; VariantName = "[No Variations]"
Add component (AddParameter): Name = "Manufacture Number"; Value = "2379"; VariantName = "[No Variations]"
Add component (AddParameter): Name = "Manufacturer"; Value = "Pololu"; VariantName = "[No Variations]"
Add component (AddParameter): Name = "Product URL"; Value = "https://www.pololu.com/product/2379/resources"; VariantName = "[No Variations]"
Added Component: Designator=M4(MOTOR)
Add component (AddParameter): Name = "Additional Material"; Value = "Pololu Micro Metal Gearmotor Bracket Pair - Black"; VariantName = "[No Variations]"
Add component (AddParameter): Name = "Additional Material Link"; Value = "https://www.pololu.com/product/989/resources"; VariantName = "[No Variations]"
Add component (AddParameter): Name = "Manufacture Number"; Value = "2379"; VariantName = "[No Variations]"
Add component (AddParameter): Name = "Manufacturer"; Value = "Pololu"; VariantName = "[No Variations]"
Add component (AddParameter): Name = "Product URL"; Value = "https://www.pololu.com/product/2379/resources"; VariantName = "[No Variations]"
Added Component: Designator=U1(VL6180X)
Add component (AddParameter): Name = "Additional Material"; Value = "7-Pin R/A Male headers per IR"; VariantName = "[No Variations]"
Add component (AddParameter): Name = "Additional Material Link"; Value = "https://www.digikey.com/en/products/detail/adam-tech/PH1RB-14-UA/9831063?utm_adgroup=Rectangular%20Connectors%20-%20Headers%2C%20Male%20Pins&utm_source=google&utm_medium=cpc&utm_campaign=Shopping_Product_Connectors%2C%20Interconnects_NEW&utm_term=&utm_content=Rectangular%20Connectors%20-%20Headers%2C%20Male%20Pins&gclid=CjwKCAjw_MqgBhAGEiwAnYOAejAbtTqXabENRAXP2u8fN9nntNeUbVp1pwD-yYO_9saqioDVWyq7vhoCJtIQAvD_BwE"; VariantName = "[No Variations]"
Add component (AddParameter): Name = "ComponentLink1Description"; Value = "datasheet"; VariantName = "[No Variations]"
Add component (AddParameter): Name = "ComponentLink1URL"; Value = "https://www.st.com/resource/en/datasheet/vl6180x.pdf"; VariantName = "[No Variations]"
Add component (AddParameter): Name = "ComponentLink2Description"; Value = "Product URL"; VariantName = "[No Variations]"
Add component (AddParameter): Name = "ComponentLink2URL"; Value = "https://www.pololu.com/product/2489/resources"; VariantName = "[No Variations]"
Add component (AddParameter): Name = "ComponentLink3Description"; Value = "Additional Material Link"; VariantName = "[No Variations]"
Add component (AddParameter): Name = "ComponentLink3URL"; Value = "https://www.digikey.com/en/products/detail/adam-tech/PH1RB-14-UA/9831063?utm_adgroup=Rectangular%20Connectors%20-%20Headers%2C%20Male%20Pins&utm_source=google&utm_medium=cpc&utm_campaign=Shopping_Product_Connectors%2C%20Interconnects_NEW&utm_term=&utm_content=Rectangular%20Connectors%20-%20Headers%2C%20Male%20Pins&gclid=CjwKCAjw_MqgBhAGEiwAnYOAejAbtTqXabENRAXP2u8fN9nntNeUbVp1pwD-yYO_9saqioDVWyq7vhoCJtIQAvD_BwE"; VariantName = "[No Variations]"
Add component (AddParameter): Name = "Manufacturer"; Value = "Digi-Key"; VariantName = "[No Variations]"
Add component (AddParameter): Name = "Manufacturer Number"; Value = "2057-PH1RB-14-UA-ND"; VariantName = "[No Variations]"
Add component (AddParameter): Name = "Product URL"; Value = "https://www.pololu.com/product/2489/resources"; VariantName = "[No Variations]"
Added Component: Designator=U2(TEENSY40)
Add component (AddParameter): Name = "Additional Material"; Value = "33-Pin male headers per Teensy"; VariantName = "[No Variations]"
Add component (AddParameter): Name = "Additional Material Link"; Value = "https://www.pololu.com/product/965"; VariantName = "[No Variations]"
Add component (AddParameter): Name = "ComponentLink1Description"; Value = "Product URL"; VariantName = "[No Variations]"
Add component (AddParameter): Name = "ComponentLink1URL"; Value = "https://www.pjrc.com/store/teensy40.html"; VariantName = "[No Variations]"
Add component (AddParameter): Name = "ComponentLink2Description"; Value = "Additional Material Link"; VariantName = "[No Variations]"
Add component (AddParameter): Name = "ComponentLink2URL"; Value = "https://www.pololu.com/product/965"; VariantName = "[No Variations]"
Add component (AddParameter): Name = "Manufacture Number"; Value = "TEENSY40"; VariantName = "[No Variations]"
Add component (AddParameter): Name = "Manufacturer"; Value = "PJRC Store"; VariantName = "[No Variations]"
Add component (AddParameter): Name = "Product URL"; Value = "https://www.pjrc.com/store/teensy40.html"; VariantName = "[No Variations]"
Added Component: Designator=U3(VL6180X)
Add component (AddParameter): Name = "Additional Material"; Value = "7-Pin R/A Male headers per IR"; VariantName = "[No Variations]"
Add component (AddParameter): Name = "Additional Material Link"; Value = "https://www.digikey.com/en/products/detail/adam-tech/PH1RB-14-UA/9831063?utm_adgroup=Rectangular%20Connectors%20-%20Headers%2C%20Male%20Pins&utm_source=google&utm_medium=cpc&utm_campaign=Shopping_Product_Connectors%2C%20Interconnects_NEW&utm_term=&utm_content=Rectangular%20Connectors%20-%20Headers%2C%20Male%20Pins&gclid=CjwKCAjw_MqgBhAGEiwAnYOAejAbtTqXabENRAXP2u8fN9nntNeUbVp1pwD-yYO_9saqioDVWyq7vhoCJtIQAvD_BwE"; VariantName = "[No Variations]"
Add component (AddParameter): Name = "ComponentLink1Description"; Value = "datasheet"; VariantName = "[No Variations]"
Add component (AddParameter): Name = "ComponentLink1URL"; Value = "https://www.st.com/resource/en/datasheet/vl6180x.pdf"; VariantName = "[No Variations]"
Add component (AddParameter): Name = "ComponentLink2Description"; Value = "Product URL"; VariantName = "[No Variations]"
Add component (AddParameter): Name = "ComponentLink2URL"; Value = "https://www.pololu.com/product/2489/resources"; VariantName = "[No Variations]"
Add component (AddParameter): Name = "ComponentLink3Description"; Value = "Additional Material Link"; VariantName = "[No Variations]"
Add component (AddParameter): Name = "ComponentLink3URL"; Value = "https://www.digikey.com/en/products/detail/adam-tech/PH1RB-14-UA/9831063?utm_adgroup=Rectangular%20Connectors%20-%20Headers%2C%20Male%20Pins&utm_source=google&utm_medium=cpc&utm_campaign=Shopping_Product_Connectors%2C%20Interconnects_NEW&utm_term=&utm_content=Rectangular%20Connectors%20-%20Headers%2C%20Male%20Pins&gclid=CjwKCAjw_MqgBhAGEiwAnYOAejAbtTqXabENRAXP2u8fN9nntNeUbVp1pwD-yYO_9saqioDVWyq7vhoCJtIQAvD_BwE"; VariantName = "[No Variations]"
Add component (AddParameter): Name = "Manufacturer"; Value = "Digi-Key"; VariantName = "[No Variations]"
Add component (AddParameter): Name = "Manufacturer Number"; Value = "2057-PH1RB-14-UA-ND"; VariantName = "[No Variations]"
Add component (AddParameter): Name = "Product URL"; Value = "https://www.pololu.com/product/2489/resources"; VariantName = "[No Variations]"
Added Component: Designator=U4(VL6180X)
Add component (AddParameter): Name = "Additional Material"; Value = "7-Pin R/A Male headers per IR"; VariantName = "[No Variations]"
Add component (AddParameter): Name = "Additional Material Link"; Value = "https://www.digikey.com/en/products/detail/adam-tech/PH1RB-14-UA/9831063?utm_adgroup=Rectangular%20Connectors%20-%20Headers%2C%20Male%20Pins&utm_source=google&utm_medium=cpc&utm_campaign=Shopping_Product_Connectors%2C%20Interconnects_NEW&utm_term=&utm_content=Rectangular%20Connectors%20-%20Headers%2C%20Male%20Pins&gclid=CjwKCAjw_MqgBhAGEiwAnYOAejAbtTqXabENRAXP2u8fN9nntNeUbVp1pwD-yYO_9saqioDVWyq7vhoCJtIQAvD_BwE"; VariantName = "[No Variations]"
Add component (AddParameter): Name = "ComponentLink1Description"; Value = "datasheet"; VariantName = "[No Variations]"
Add component (AddParameter): Name = "ComponentLink1URL"; Value = "https://www.st.com/resource/en/datasheet/vl6180x.pdf"; VariantName = "[No Variations]"
Add component (AddParameter): Name = "ComponentLink2Description"; Value = "Product URL"; VariantName = "[No Variations]"
Add component (AddParameter): Name = "ComponentLink2URL"; Value = "https://www.pololu.com/product/2489/resources"; VariantName = "[No Variations]"
Add component (AddParameter): Name = "ComponentLink3Description"; Value = "Additional Material Link"; VariantName = "[No Variations]"
Add component (AddParameter): Name = "ComponentLink3URL"; Value = "https://www.digikey.com/en/products/detail/adam-tech/PH1RB-14-UA/9831063?utm_adgroup=Rectangular%20Connectors%20-%20Headers%2C%20Male%20Pins&utm_source=google&utm_medium=cpc&utm_campaign=Shopping_Product_Connectors%2C%20Interconnects_NEW&utm_term=&utm_content=Rectangular%20Connectors%20-%20Headers%2C%20Male%20Pins&gclid=CjwKCAjw_MqgBhAGEiwAnYOAejAbtTqXabENRAXP2u8fN9nntNeUbVp1pwD-yYO_9saqioDVWyq7vhoCJtIQAvD_BwE"; VariantName = "[No Variations]"
Add component (AddParameter): Name = "Manufacturer"; Value = "Digi-Key"; VariantName = "[No Variations]"
Add component (AddParameter): Name = "Manufacturer Number"; Value = "2057-PH1RB-14-UA-ND"; VariantName = "[No Variations]"
Add component (AddParameter): Name = "Product URL"; Value = "https://www.pololu.com/product/2489/resources"; VariantName = "[No Variations]"
Added Component: Designator=U5(RPY)
Add component (AddParameter): Name = "Additional Material"; Value = "40-Pin RaspberryPi GPIO header per PI"; VariantName = "[No Variations]"
Add component (AddParameter): Name = "Additional Material Link"; Value = "https://www.digikey.com/en/products/detail/PRT-14275/1568-1675-ND/7428264?curr=usd&utm_campaign=buynow&utm_medium=aggregator&utm_source=octopart"; VariantName = "[No Variations]"
Add component (AddParameter): Name = "ComponentLink1Description"; Value = "Product URL"; VariantName = "[No Variations]"
Add component (AddParameter): Name = "ComponentLink1URL"; Value = "https://www.raspberrypi.com/products/raspberry-pi-zero-w/"; VariantName = "[No Variations]"
Add component (AddParameter): Name = "ComponentLink2Description"; Value = "Additional Material Link"; VariantName = "[No Variations]"
Add component (AddParameter): Name = "ComponentLink2URL"; Value = "https://www.digikey.com/en/products/detail/PRT-14275/1568-1675-ND/7428264?curr=usd&utm_campaign=buynow&utm_medium=aggregator&utm_source=octopart"; VariantName = "[No Variations]"
Add component (AddParameter): Name = "Manufacture Number"; Value = "474-PRT-14275"; VariantName = "[No Variations]"
Add component (AddParameter): Name = "Manufacturer"; Value = "Mouser"; VariantName = "[No Variations]"
Add component (AddParameter): Name = "Product URL"; Value = "https://www.raspberrypi.com/products/raspberry-pi-zero-w/"; VariantName = "[No Variations]"
Added Component: Designator=U6(VL6180X)
Add component (AddParameter): Name = "Additional Material"; Value = "7-Pin R/A Male headers per IR"; VariantName = "[No Variations]"
Add component (AddParameter): Name = "Additional Material Link"; Value = "https://www.digikey.com/en/products/detail/adam-tech/PH1RB-14-UA/9831063?utm_adgroup=Rectangular%20Connectors%20-%20Headers%2C%20Male%20Pins&utm_source=google&utm_medium=cpc&utm_campaign=Shopping_Product_Connectors%2C%20Interconnects_NEW&utm_term=&utm_content=Rectangular%20Connectors%20-%20Headers%2C%20Male%20Pins&gclid=CjwKCAjw_MqgBhAGEiwAnYOAejAbtTqXabENRAXP2u8fN9nntNeUbVp1pwD-yYO_9saqioDVWyq7vhoCJtIQAvD_BwE"; VariantName = "[No Variations]"
Add component (AddParameter): Name = "ComponentLink1Description"; Value = "datasheet"; VariantName = "[No Variations]"
Add component (AddParameter): Name = "ComponentLink1URL"; Value = "https://www.st.com/resource/en/datasheet/vl6180x.pdf"; VariantName = "[No Variations]"
Add component (AddParameter): Name = "ComponentLink2Description"; Value = "Product URL"; VariantName = "[No Variations]"
Add component (AddParameter): Name = "ComponentLink2URL"; Value = "https://www.pololu.com/product/2489/resources"; VariantName = "[No Variations]"
Add component (AddParameter): Name = "ComponentLink3Description"; Value = "Additional Material Link"; VariantName = "[No Variations]"
Add component (AddParameter): Name = "ComponentLink3URL"; Value = "https://www.digikey.com/en/products/detail/adam-tech/PH1RB-14-UA/9831063?utm_adgroup=Rectangular%20Connectors%20-%20Headers%2C%20Male%20Pins&utm_source=google&utm_medium=cpc&utm_campaign=Shopping_Product_Connectors%2C%20Interconnects_NEW&utm_term=&utm_content=Rectangular%20Connectors%20-%20Headers%2C%20Male%20Pins&gclid=CjwKCAjw_MqgBhAGEiwAnYOAejAbtTqXabENRAXP2u8fN9nntNeUbVp1pwD-yYO_9saqioDVWyq7vhoCJtIQAvD_BwE"; VariantName = "[No Variations]"
Add component (AddParameter): Name = "Manufacturer"; Value = "Digi-Key"; VariantName = "[No Variations]"
Add component (AddParameter): Name = "Manufacturer Number"; Value = "2057-PH1RB-14-UA-ND"; VariantName = "[No Variations]"
Add component (AddParameter): Name = "Product URL"; Value = "https://www.pololu.com/product/2489/resources"; VariantName = "[No Variations]"
Added Component: Designator=U7(61300611121)
Add component (AddParameter): Name = "Additional Material"; Value = "6*female dupont wire per header"; VariantName = "[No Variations]"
Add component (AddParameter): Name = "Additional Material Link"; Value = "https://www.pololu.com/category/298/ribbon-cable-premium-jumper-wires"; VariantName = "[No Variations]"
Add component (AddParameter): Name = "ComponentLink1Description"; Value = "Product URL"; VariantName = "[No Variations]"
Add component (AddParameter): Name = "ComponentLink1URL"; Value = "https://www.digikey.com/en/products/detail/w%C3%BCrth-elektronik/61300611121/4846833?utm_adgroup=Rectangular%20Connectors%20-%20Headers%2C%20Male%20Pins&utm_source=google&utm_medium=cpc&utm_campaign=Shopping_Product_Connectors%2C%20Interconnects_NEW&utm_term=&utm_content=Rectangular%20Connectors%20-%20Headers%2C%20Male%20Pins&gclid=Cj0KCQiApKagBhC1ARIsAFc7Mc4_cjqnefrDzrpu3JapJRnikEceUeu0HkZKl_cbgEqDj7lyXJ1YyUwaAuZSEALw_wcB"; VariantName = "[No Variations]"
Add component (AddParameter): Name = "ComponentLink2Description"; Value = "Additional Material Link"; VariantName = "[No Variations]"
Add component (AddParameter): Name = "ComponentLink2URL"; Value = "https://www.pololu.com/category/298/ribbon-cable-premium-jumper-wires"; VariantName = "[No Variations]"
Add component (AddParameter): Name = "Contact Resistance"; Value = "20mOhm"; VariantName = "[No Variations]"
Add component (AddParameter): Name = "Datasheet URL"; Value = "https://katalog.we-online.de/em/datasheet/6130xx11121.pdf"; VariantName = "[No Variations]"
Add component (AddParameter): Name = "Gender"; Value = "Male"; VariantName = "[No Variations]"
Add component (AddParameter): Name = "Manufacture Number"; Value = "61300611121"; VariantName = "[No Variations]"
Add component (AddParameter): Name = "Manufacturer"; Value = "Wurth Elektronik"; VariantName = "[No Variations]"
Add component (AddParameter): Name = "Manufacturer URL"; Value = "http://www.we-online.de"; VariantName = "[No Variations]"
Add component (AddParameter): Name = "Mounting Technology"; Value = "THT"; VariantName = "[No Variations]"
Add component (AddParameter): Name = "Operating Temperature"; Value = "-40to105degC"; VariantName = "[No Variations]"
Add component (AddParameter): Name = "Orientation"; Value = "Vertical"; VariantName = "[No Variations]"
Add component (AddParameter): Name = "Package Reference"; Value = "61300611121"; VariantName = "[No Variations]"
Add component (AddParameter): Name = "Packaging"; Value = "Bag"; VariantName = "[No Variations]"
Add component (AddParameter): Name = "Pin Number"; Value = "6"; VariantName = "[No Variations]"
Add component (AddParameter): Name = "Pitch"; Value = "2.54mm"; VariantName = "[No Variations]"
Add component (AddParameter): Name = "Product URL"; Value = "https://www.digikey.com/en/products/detail/w%C3%BCrth-elektronik/61300611121/4846833?utm_adgroup=Rectangular%20Connectors%20-%20Headers%2C%20Male%20Pins&utm_source=google&utm_medium=cpc&utm_campaign=Shopping_Product_Connectors%2C%20Interconnects_NEW&utm_term=&utm_content=Rectangular%20Connectors%20-%20Headers%2C%20Male%20Pins&gclid=Cj0KCQiApKagBhC1ARIsAFc7Mc4_cjqnefrDzrpu3JapJRnikEceUeu0HkZKl_cbgEqDj7lyXJ1YyUwaAuZSEALw_wcB"; VariantName = "[No Variations]"
Add component (AddParameter): Name = "Publisher"; Value = "WurthElektronik"; VariantName = "[No Variations]"
Add component (AddParameter): Name = "Rated Current"; Value = "3A"; VariantName = "[No Variations]"
Add component (AddParameter): Name = "Row Number"; Value = "Single"; VariantName = "[No Variations]"
Add component (AddParameter): Name = "Withstanding Voltage"; Value = "500VAC"; VariantName = "[No Variations]"
Add component (AddParameter): Name = "Working Voltage"; Value = "250VAC"; VariantName = "[No Variations]"
Added Component: Designator=U8(DRV8835)
Add component (AddParameter): Name = "Additional Material"; Value = "2*7-pin 0.1'' male headers per unit"; VariantName = "[No Variations]"
Add component (AddParameter): Name = "Additional Material Link"; Value = "https://www.pololu.com/product/965"; VariantName = "[No Variations]"
Add component (AddParameter): Name = "ComponentLink1Description"; Value = "Product URL"; VariantName = "[No Variations]"
Add component (AddParameter): Name = "ComponentLink1URL"; Value = "https://www.pololu.com/product/2135/specs"; VariantName = "[No Variations]"
Add component (AddParameter): Name = "ComponentLink2Description"; Value = "Additional Material Link"; VariantName = "[No Variations]"
Add component (AddParameter): Name = "ComponentLink2URL"; Value = "https://www.pololu.com/product/965"; VariantName = "[No Variations]"
Add component (AddParameter): Name = "Manufacture Number"; Value = "2135"; VariantName = "[No Variations]"
Add component (AddParameter): Name = "Manufacturer"; Value = "Pololu"; VariantName = "[No Variations]"
Add component (AddParameter): Name = "Product URL"; Value = "https://www.pololu.com/product/2135/specs"; VariantName = "[No Variations]"
Added Component: Designator=U9(61300611121)
Add component (AddParameter): Name = "Additional Material"; Value = "6*female dupont wire per header"; VariantName = "[No Variations]"
Add component (AddParameter): Name = "Additional Material Link"; Value = "https://www.pololu.com/category/298/ribbon-cable-premium-jumper-wires"; VariantName = "[No Variations]"
Add component (AddParameter): Name = "ComponentLink1Description"; Value = "Product URL"; VariantName = "[No Variations]"
Add component (AddParameter): Name = "ComponentLink1URL"; Value = "https://www.digikey.com/en/products/detail/w%C3%BCrth-elektronik/61300611121/4846833?utm_adgroup=Rectangular%20Connectors%20-%20Headers%2C%20Male%20Pins&utm_source=google&utm_medium=cpc&utm_campaign=Shopping_Product_Connectors%2C%20Interconnects_NEW&utm_term=&utm_content=Rectangular%20Connectors%20-%20Headers%2C%20Male%20Pins&gclid=Cj0KCQiApKagBhC1ARIsAFc7Mc4_cjqnefrDzrpu3JapJRnikEceUeu0HkZKl_cbgEqDj7lyXJ1YyUwaAuZSEALw_wcB"; VariantName = "[No Variations]"
Add component (AddParameter): Name = "ComponentLink2Description"; Value = "Additional Material Link"; VariantName = "[No Variations]"
Add component (AddParameter): Name = "ComponentLink2URL"; Value = "https://www.pololu.com/category/298/ribbon-cable-premium-jumper-wires"; VariantName = "[No Variations]"
Add component (AddParameter): Name = "Contact Resistance"; Value = "20mOhm"; VariantName = "[No Variations]"
Add component (AddParameter): Name = "Datasheet URL"; Value = "https://katalog.we-online.de/em/datasheet/6130xx11121.pdf"; VariantName = "[No Variations]"
Add component (AddParameter): Name = "Gender"; Value = "Male"; VariantName = "[No Variations]"
Add component (AddParameter): Name = "Manufacture Number"; Value = "61300611121"; VariantName = "[No Variations]"
Add component (AddParameter): Name = "Manufacturer"; Value = "Wurth Elektronik"; VariantName = "[No Variations]"
Add component (AddParameter): Name = "Manufacturer URL"; Value = "http://www.we-online.de"; VariantName = "[No Variations]"
Add component (AddParameter): Name = "Mounting Technology"; Value = "THT"; VariantName = "[No Variations]"
Add component (AddParameter): Name = "Operating Temperature"; Value = "-40to105degC"; VariantName = "[No Variations]"
Add component (AddParameter): Name = "Orientation"; Value = "Vertical"; VariantName = "[No Variations]"
Add component (AddParameter): Name = "Package Reference"; Value = "61300611121"; VariantName = "[No Variations]"
Add component (AddParameter): Name = "Packaging"; Value = "Bag"; VariantName = "[No Variations]"
Add component (AddParameter): Name = "Pin Number"; Value = "6"; VariantName = "[No Variations]"
Add component (AddParameter): Name = "Pitch"; Value = "2.54mm"; VariantName = "[No Variations]"
Add component (AddParameter): Name = "Product URL"; Value = "https://www.digikey.com/en/products/detail/w%C3%BCrth-elektronik/61300611121/4846833?utm_adgroup=Rectangular%20Connectors%20-%20Headers%2C%20Male%20Pins&utm_source=google&utm_medium=cpc&utm_campaign=Shopping_Product_Connectors%2C%20Interconnects_NEW&utm_term=&utm_content=Rectangular%20Connectors%20-%20Headers%2C%20Male%20Pins&gclid=Cj0KCQiApKagBhC1ARIsAFc7Mc4_cjqnefrDzrpu3JapJRnikEceUeu0HkZKl_cbgEqDj7lyXJ1YyUwaAuZSEALw_wcB"; VariantName = "[No Variations]"
Add component (AddParameter): Name = "Publisher"; Value = "WurthElektronik"; VariantName = "[No Variations]"
Add component (AddParameter): Name = "Rated Current"; Value = "3A"; VariantName = "[No Variations]"
Add component (AddParameter): Name = "Row Number"; Value = "Single"; VariantName = "[No Variations]"
Add component (AddParameter): Name = "Withstanding Voltage"; Value = "500VAC"; VariantName = "[No Variations]"
Add component (AddParameter): Name = "Working Voltage"; Value = "250VAC"; VariantName = "[No Variations]"
Added Pin To Net: NetName=+3.3 Pin=C2-1
Added Pin To Net: NetName=+3.3 Pin=C3-1
Added Pin To Net: NetName=+3.3 Pin=C4-1
Added Pin To Net: NetName=+3.3 Pin=C5-1
Added Pin To Net: NetName=+3.3 Pin=C6-2
Added Pin To Net: NetName=+3.3 Pin=C7-1
Added Pin To Net: NetName=+3.3 Pin=C8-1
Added Pin To Net: NetName=+3.3 Pin=U1-VIN
Added Pin To Net: NetName=+3.3 Pin=U3-VIN
Added Pin To Net: NetName=+3.3 Pin=U4-VIN
Added Pin To Net: NetName=+3.3 Pin=U5-1
Added Pin To Net: NetName=+3.3 Pin=U5-17
Added Pin To Net: NetName=+3.3 Pin=U6-VIN
Added Pin To Net: NetName=+3.3 Pin=U8-11
Added Pin To Net: NetName=+3.3 Pin=U8-12
Added Net: Name=+3.3
Added Pin To Net: NetName=+5 Pin=B1-3
Added Pin To Net: NetName=+5 Pin=C1-1
Added Pin To Net: NetName=+5 Pin=U2-VIN
Added Pin To Net: NetName=+5 Pin=U5-2
Added Pin To Net: NetName=+5 Pin=U5-4
Added Net: Name=+5
Added Pin To Net: NetName=AEN Pin=U5-32
Added Pin To Net: NetName=AEN Pin=U8-9
Added Net: Name=AEN
Added Pin To Net: NetName=AOUT1 Pin=U8-2
Added Net: Name=AOUT1
Added Pin To Net: NetName=AOUT2 Pin=U8-3
Added Net: Name=AOUT2
Added Pin To Net: NetName=APH Pin=U5-31
Added Pin To Net: NetName=APH Pin=U8-10
Added Net: Name=APH
Added Pin To Net: NetName=BEN Pin=U5-12
Added Pin To Net: NetName=BEN Pin=U8-7
Added Net: Name=BEN
Added Pin To Net: NetName=BOUT1 Pin=U8-4
Added Net: Name=BOUT1
Added Pin To Net: NetName=BOUT2 Pin=U8-5
Added Net: Name=BOUT2
Added Pin To Net: NetName=BPH Pin=U5-35
Added Pin To Net: NetName=BPH Pin=U8-8
Added Net: Name=BPH
Added Pin To Net: NetName=GND Pin=B1-4
Added Pin To Net: NetName=GND Pin=B2-2
Added Pin To Net: NetName=GND Pin=C1-2
Added Pin To Net: NetName=GND Pin=C2-2
Added Pin To Net: NetName=GND Pin=C3-2
Added Pin To Net: NetName=GND Pin=C4-2
Added Pin To Net: NetName=GND Pin=C5-2
Added Pin To Net: NetName=GND Pin=C6-1
Added Pin To Net: NetName=GND Pin=C7-2
Added Pin To Net: NetName=GND Pin=C8-2
Added Pin To Net: NetName=GND Pin=U1-GND
Added Pin To Net: NetName=GND Pin=U2-GND
Added Pin To Net: NetName=GND Pin=U2-GND
Added Pin To Net: NetName=GND Pin=U2-GND
Added Pin To Net: NetName=GND Pin=U3-GND
Added Pin To Net: NetName=GND Pin=U4-GND
Added Pin To Net: NetName=GND Pin=U5-6
Added Pin To Net: NetName=GND Pin=U5-9
Added Pin To Net: NetName=GND Pin=U5-20
Added Pin To Net: NetName=GND Pin=U5-25
Added Pin To Net: NetName=GND Pin=U5-30
Added Pin To Net: NetName=GND Pin=U5-34
Added Pin To Net: NetName=GND Pin=U5-39
Added Pin To Net: NetName=GND Pin=U6-GND
Added Pin To Net: NetName=GND Pin=U8-6
Added Pin To Net: NetName=GND Pin=U8-14
Added Net: Name=GND
Added Pin To Net: NetName=IRA_EN Pin=U1-GPIO0/CE
Added Pin To Net: NetName=IRA_EN Pin=U5-15
Added Net: Name=IRA_EN
Added Pin To Net: NetName=IRB_EN Pin=U3-GPIO0/CE
Added Pin To Net: NetName=IRB_EN Pin=U5-40
Added Net: Name=IRB_EN
Added Pin To Net: NetName=IRC_EN Pin=U4-GPIO0/CE
Added Pin To Net: NetName=IRC_EN Pin=U5-38
Added Net: Name=IRC_EN
Added Pin To Net: NetName=IRD_EN Pin=U5-7
Added Pin To Net: NetName=IRD_EN Pin=U6-GPIO0/CE
Added Net: Name=IRD_EN
Added Pin To Net: NetName=L_EN_A Pin=U2-3
Added Net: Name=L_EN_A
Added Pin To Net: NetName=L_EN_B Pin=U2-2
Added Net: Name=L_EN_B
Added Pin To Net: NetName=obsolete Pin=U2-3.3V
Added Pin To Net: NetName=obsolete Pin=U2-3.3V
Added Net: Name=obsolete
Added Pin To Net: NetName=R_EN_A Pin=U2-14
Added Net: Name=R_EN_A
Added Pin To Net: NetName=R_EN_B Pin=U2-15
Added Net: Name=R_EN_B
Added Pin To Net: NetName=RX Pin=U2-0
Added Pin To Net: NetName=RX Pin=U5-10
Added Net: Name=RX
Added Pin To Net: NetName=SCL Pin=U1-SCL
Added Pin To Net: NetName=SCL Pin=U3-SCL
Added Pin To Net: NetName=SCL Pin=U4-SCL
Added Pin To Net: NetName=SCL Pin=U5-5
Added Pin To Net: NetName=SCL Pin=U6-SCL
Added Net: Name=SCL
Added Pin To Net: NetName=SDA Pin=U1-SDA
Added Pin To Net: NetName=SDA Pin=U3-SDA
Added Pin To Net: NetName=SDA Pin=U4-SDA
Added Pin To Net: NetName=SDA Pin=U5-3
Added Pin To Net: NetName=SDA Pin=U6-SDA
Added Net: Name=SDA
Added Pin To Net: NetName=TX Pin=U2-1
Added Pin To Net: NetName=TX Pin=U5-8
Added Net: Name=TX
Added Pin To Net: NetName=VBAT Pin=B1-1
Added Pin To Net: NetName=VBAT Pin=B2-1
Added Pin To Net: NetName=VBAT Pin=U8-13
Added Net: Name=VBAT
Added Class: Name=PacBot
